<?xml version="1.0" encoding="UTF-8"?>
<!-- Generated by org.testng.reporters.JUnitReportReporter -->
<testsuite hostname="SPARTANS-QA5L" failures="0" tests="5" name="sample.PriorityTest" time="0.007" errors="0" timestamp="2023-02-15T19:42:14 IST" skipped="0">
  <testcase classname="sample.PriorityTest" name="a_method" time="0.005"/>
  <system-out/>
  <testcase classname="sample.PriorityTest" name="b_method" time="0.001"/>
  <system-out/>
  <testcase classname="sample.PriorityTest" name="c_method" time="0.001"/>
  <system-out/>
  <testcase classname="sample.PriorityTest" name="d_method" time="0.000"/>
  <system-out/>
  <testcase classname="sample.PriorityTest" name="e_method" time="0.000"/>
  <system-out/>
</testsuite> <!-- sample.PriorityTest -->
